./src/test/valid/advanced/ticTacToe.wacc
line 390:17 extraneous input '9' expecting {'null', 'newpair', 'call', 'fst', 'snd', 'true', 'false', '!', 'len', 'ord', 'chr', '+', '-', '(', '[', NUMBER, IDENT, STR_LITER, CHAR_LITER} line 522:19 extraneous input '9' expecting {'null', 'true', 'false', '!', 'len', 'ord', 'chr', '+', '-', '(', NUMBER, IDENT, STR_LITER, CHAR_LITER} line 1070:37 mismatched input '9' expecting {'null', 'true', 'false', '!', 'len', 'ord', 'chr', '+', '-', '(', NUMBER, IDENT, STR_LITER, CHAR_LITER} 

./src/test/valid/array/array.wacc
line 22:11 mismatched input '9' expecting {'null', 'true', 'false', '!', 'len', 'ord', 'chr', '+', '-', '(', NUMBER, IDENT, STR_LITER, CHAR_LITER} 

./src/test/valid/array/arrayPrint.wacc
line 9:40 mismatched input '9' expecting {'null', 'true', 'false', '!', 'len', 'ord', 'chr', '+', '-', '(', NUMBER, IDENT, STR_LITER, CHAR_LITER} line 17:11 mismatched input '9' expecting {'null', 'true', 'false', '!', 'len', 'ord', 'chr', '+', '-', '(', NUMBER, IDENT, STR_LITER, CHAR_LITER} 

./src/test/valid/IO/print/printInt.wacc
line 10:12 extraneous input '9' expecting 'end' 

./src/test/valid/function/nested_functions/fibonacciRecursive.wacc
line 31:31 mismatched input '9' expecting {',', '+', '-', '*', '/', '%', '>=', '>', '<=', '<', '==', '!=', '&&', '||', ')'} 

./src/test/valid/function/simple_functions/sameArgName2.wacc
line 14:17 mismatched input '9' expecting {'null', 'true', 'false', '!', 'len', 'ord', 'chr', '+', '-', '(', ')', NUMBER, IDENT, STR_LITER, CHAR_LITER} 

./src/test/valid/function/simple_functions/sameArgName.wacc
line 13:17 mismatched input '9' expecting {'null', 'true', 'false', '!', 'len', 'ord', 'chr', '+', '-', '(', ')', NUMBER, IDENT, STR_LITER, CHAR_LITER} 

./src/test/valid/variables/_VarNames.wacc
line 12:23 mismatched input '9' expecting {'end', ';', '+', '-', '*', '/', '%', '>=', '>', '<=', '<', '==', '!=', '&&', '||'} 

./src/test/valid/variables/manyVariables.wacc
line 18:9 mismatched input '9' expecting {'null', 'newpair', 'call', 'fst', 'snd', 'true', 'false', '!', 'len', 'ord', 'chr', '+', '-', '(', '[', NUMBER, IDENT, STR_LITER, CHAR_LITER} line 28:11 mismatched input '9' expecting {'end', ';', '+', '-', '*', '/', '%', '>=', '>', '<=', '<', '==', '!=', '&&', '||'} 

./src/test/valid/expressions/longSplitExpr.wacc
line 15:10 extraneous input '9' expecting {'null', 'newpair', 'call', 'fst', 'snd', 'true', 'false', '!', 'len', 'ord', 'chr', '+', '-', '(', '[', NUMBER, IDENT, STR_LITER, CHAR_LITER} 

./src/test/valid/expressions/ordAndchrExpr.wacc
line 11:10 mismatched input '9' expecting {'null', 'newpair', 'call', 'fst', 'snd', 'true', 'false', '!', 'len', 'ord', 'chr', '+', '-', '(', '[', NUMBER, IDENT, STR_LITER, CHAR_LITER} 

./src/test/valid/expressions/longSplitExpr2.wacc
line 12:42 extraneous input '9' expecting {'null', 'true', 'false', '!', 'len', 'ord', 'chr', '+', '-', '(', NUMBER, IDENT, STR_LITER, CHAR_LITER} line 13:43 extraneous input '9' expecting {'null', 'true', 'false', '!', 'len', 'ord', 'chr', '+', '-', '(', NUMBER, IDENT, STR_LITER, CHAR_LITER} line 14:42 mismatched input '9' expecting {'null', 'true', 'false', '!', 'len', 'ord', 'chr', '+', '-', '(', NUMBER, IDENT, STR_LITER, CHAR_LITER} 

./src/test/valid/expressions/longExpr3.wacc
line 11:65 mismatched input '9' expecting {'null', 'true', 'false', '!', 'len', 'ord', 'chr', '+', '-', '(', NUMBER, IDENT, STR_LITER, CHAR_LITER} 

./src/test/valid/expressions/longExpr.wacc
line 11:50 extraneous input '9' expecting {'null', 'true', 'false', '!', 'len', 'ord', 'chr', '+', '-', '(', NUMBER, IDENT, STR_LITER, CHAR_LITER} line 11:54 extraneous input '(' expecting NUMBER line 11:112 mismatched input ')' expecting {'+', '-', '*', '/', '%', '>=', '>', '<=', '<', '==', '!=', '&&', '||', ')'} 

